<?xml version="1.0" encoding="UTF-8"?>
<!-- Generated by org.testng.reporters.JUnitReportReporter -->
<testsuite skipped="0" hostname="HYDSAP4FLWS054" name="unittest.TestComparison" tests="1" failures="0" timestamp="2020-05-18T09:26:35 IST" time="0.019" errors="0">
  <testcase name="passtest" time="0.019" classname="unittest.TestComparison"/>
  <system-out/>
</testsuite> <!-- unittest.TestComparison -->
